<?xml version="1.0" encoding="UTF-8"?>
<!-- Generated by org.testng.reporters.JUnitReportReporter -->
<testsuite hostname="sabla" failures="0" tests="1" name="testscript.CategorySearchTest" time="5.909" errors="0" timestamp="2024-06-12T12:35:44 IST" skipped="0">
  <testcase classname="testscript.CategorySearchTest" name="categoryPage" time="5.909"/>
</testsuite> <!-- testscript.CategorySearchTest -->
