<?xml version="1.0" encoding="UTF-8"?>
<!-- Generated by org.testng.reporters.JUnitReportReporter -->
<testsuite hostname="sabla" failures="0" tests="1" name="testscript.SubCategoryAdd" time="6.247" errors="0" timestamp="2024-06-10T19:10:49 IST" skipped="0">
  <testcase classname="testscript.SubCategoryAdd" name="subCategoryPage" time="6.247"/>
</testsuite> <!-- testscript.SubCategoryAdd -->
