<?xml version="1.0" encoding="UTF-8"?>
<!-- Generated by org.testng.reporters.JUnitReportReporter -->
<testsuite hostname="sabla" failures="0" tests="1" name="testscript.ManagenewsTest" time="3.191" errors="0" timestamp="2024-06-19T02:23:05 IST" skipped="0">
  <testcase classname="testscript.ManagenewsTest" name="newsCategoryPage" time="3.191"/>
</testsuite> <!-- testscript.ManagenewsTest -->
