<?xml version="1.0" encoding="UTF-8"?>
<!-- Generated by org.testng.reporters.JUnitReportReporter -->
<testsuite hostname="sabla" failures="0" tests="1" name="testscript.ManageTest" time="4.343" errors="0" timestamp="2024-06-19T02:23:05 IST" skipped="0">
  <testcase classname="testscript.ManageTest" name="verifyTheUserIsAbleToManagePage" time="4.343"/>
</testsuite> <!-- testscript.ManageTest -->
