<?xml version="1.0" encoding="UTF-8"?>
<!-- Generated by org.testng.reporters.JUnitReportReporter -->
<testsuite hostname="sabla" failures="0" tests="1" name="testscript.Categorytest" time="6.380" errors="0" timestamp="2024-06-10T20:15:48 IST" skipped="0">
  <testcase classname="testscript.Categorytest" name="categoryPage" time="6.380"/>
</testsuite> <!-- testscript.Categorytest -->
