<?xml version="1.0" encoding="UTF-8"?>
<!-- Generated by org.testng.reporters.JUnitReportReporter -->
<testsuite hostname="sabla" failures="0" tests="4" name="testscript.LoginTest" time="16.157" errors="0" timestamp="2024-06-19T02:23:05 IST" skipped="0">
  <testcase classname="testscript.LoginTest" name="verifyInvalidUsernameAndValidPassword" time="3.457"/>
  <testcase classname="testscript.LoginTest" name="verifyTheUserAbleToLoginInValidCredentials" time="2.304"/>
  <testcase classname="testscript.LoginTest" name="verifyTheUserAbleToLoginValidCredentials" time="8.288"/>
  <testcase classname="testscript.LoginTest" name="verifyValidUsernameAndInvalidPassword" time="2.108"/>
</testsuite> <!-- testscript.LoginTest -->
